<?xml version="1.0" encoding="UTF-8"?>
<!-- Generated by org.testng.reporters.JUnitXMLReporter -->
<testsuite ignored="0" hostname="ATMECSINDT-080" failures="0" tests="4" name="Test" time="71.436" errors="0" timestamp="2019-09-13T19:44:39 IST">
  <testcase classname="com.atmecs.practo.testscripts.AddToCart" name="clickOnDiagnostics" time="62.625"/>
  <testcase classname="com.atmecs.practo.testscripts.AddToCart" name="validateAfterAdd" time="2.399"/>
  <testcase classname="com.atmecs.practo.testscripts.RemoveFromCart" name="cartAfterRemovalOfSample" time="6.143"/>
  <testcase classname="com.atmecs.practo.testscripts.RemoveFromCart" name="validateCartAfterRemoval" time="0.214"/>
</testsuite> <!-- Test -->
